<?xml version="1.0" encoding="UTF-8"?>
<!-- Generated by org.testng.reporters.JUnitReportReporter -->
<testsuite skipped="0" hostname="SahithyaDasari" name="com.crm.qa.testcases.LoginPageTest" tests="1" failures="0" timestamp="2023-06-27T13:43:14 IST" time="4.991" errors="0">
  <testcase name="loginTest" time="4.991" classname="com.crm.qa.testcases.LoginPageTest"/>
  <system-out/>
</testsuite> <!-- com.crm.qa.testcases.LoginPageTest -->
